[    5856ms] [WARNING] Detected `scroll-behavior: smooth` on the `<html>` element. To disable smooth scrolling during route transitions, add `data-scroll-behavior="smooth"` to your <html> element. Learn more: https://nextjs.org/docs/messages/missing-data-scroll-behavior @ http://localhost:3000/_next/static/chunks/43abd_next_dist_752abf95._.js:2297
[   35571ms] [ERROR] Failed to load resource: the server responded with a status of 500 (Internal Server Error) @ http://localhost:3000/api/deliverables/664d8ddc-1a09-4227-ae83-8b5a599c64b1/comments:0
[   37269ms] [ERROR] Failed to load resource: the server responded with a status of 500 (Internal Server Error) @ http://localhost:3000/api/deliverables/664d8ddc-1a09-4227-ae83-8b5a599c64b1/comments:0
[  228143ms] [ERROR] Failed to load resource: the server responded with a status of 500 (Internal Server Error) @ http://localhost:3000/api/deliverables/664d8ddc-1a09-4227-ae83-8b5a599c64b1/files:0
[  229130ms] [ERROR] Failed to load resource: the server responded with a status of 500 (Internal Server Error) @ http://localhost:3000/api/deliverables/664d8ddc-1a09-4227-ae83-8b5a599c64b1/files:0
[  230062ms] [ERROR] Failed to load resource: the server responded with a status of 500 (Internal Server Error) @ http://localhost:3000/api/deliverables/664d8ddc-1a09-4227-ae83-8b5a599c64b1/files:0
[  232675ms] [ERROR] Failed to load resource: the server responded with a status of 500 (Internal Server Error) @ http://localhost:3000/api/deliverables/664d8ddc-1a09-4227-ae83-8b5a599c64b1/files:0
[  234641ms] [ERROR] Failed to load resource: the server responded with a status of 500 (Internal Server Error) @ http://localhost:3000/api/deliverables/664d8ddc-1a09-4227-ae83-8b5a599c64b1/files:0
[  238735ms] [ERROR] Failed to load resource: the server responded with a status of 500 (Internal Server Error) @ http://localhost:3000/api/deliverables/664d8ddc-1a09-4227-ae83-8b5a599c64b1/files:0
[  238873ms] [ERROR] Failed to load resource: the server responded with a status of 500 (Internal Server Error) @ http://localhost:3000/api/deliverables/664d8ddc-1a09-4227-ae83-8b5a599c64b1/files:0
[  239037ms] [ERROR] Failed to load resource: the server responded with a status of 500 (Internal Server Error) @ http://localhost:3000/api/deliverables/664d8ddc-1a09-4227-ae83-8b5a599c64b1/files:0
[  244166ms] [ERROR] Failed to load resource: the server responded with a status of 500 (Internal Server Error) @ http://localhost:3000/api/deliverables/664d8ddc-1a09-4227-ae83-8b5a599c64b1/files:0
[  245852ms] [WARNING] Detected `scroll-behavior: smooth` on the `<html>` element. To disable smooth scrolling during route transitions, add `data-scroll-behavior="smooth"` to your <html> element. Learn more: https://nextjs.org/docs/messages/missing-data-scroll-behavior @ http://localhost:3000/_next/static/chunks/43abd_next_dist_752abf95._.js:2297
[  249516ms] [ERROR] Failed to load resource: the server responded with a status of 500 (Internal Server Error) @ http://localhost:3000/api/deliverables/1899bf44-8273-4c49-9008-df463dfc515c/files:0
[  249886ms] [ERROR] Failed to load resource: the server responded with a status of 500 (Internal Server Error) @ http://localhost:3000/api/deliverables/1899bf44-8273-4c49-9008-df463dfc515c/files:0
[  250071ms] [ERROR] Failed to load resource: the server responded with a status of 500 (Internal Server Error) @ http://localhost:3000/api/deliverables/1899bf44-8273-4c49-9008-df463dfc515c/files:0
[  250292ms] [ERROR] Failed to load resource: the server responded with a status of 500 (Internal Server Error) @ http://localhost:3000/api/deliverables/1899bf44-8273-4c49-9008-df463dfc515c/files:0
[  539787ms] [ERROR] Failed to load resource: the server responded with a status of 500 (Internal Server Error) @ http://localhost:3000/api/deliverables/664d8ddc-1a09-4227-ae83-8b5a599c64b1/files:0
[  541800ms] [ERROR] Failed to load resource: the server responded with a status of 500 (Internal Server Error) @ http://localhost:3000/api/deliverables/664d8ddc-1a09-4227-ae83-8b5a599c64b1/files:0
[ 2053931ms] [WARNING] Detected `scroll-behavior: smooth` on the `<html>` element. To disable smooth scrolling during route transitions, add `data-scroll-behavior="smooth"` to your <html> element. Learn more: https://nextjs.org/docs/messages/missing-data-scroll-behavior @ http://localhost:3000/_next/static/chunks/43abd_next_dist_752abf95._.js:2297
[ 2120203ms] [ERROR] Failed to load resource: the server responded with a status of 500 (Internal Server Error) @ http://localhost:3000/api/deliverables/664d8ddc-1a09-4227-ae83-8b5a599c64b1/comments:0
[ 2162136ms] [ERROR] Failed to load resource: the server responded with a status of 500 (Internal Server Error) @ http://localhost:3000/api/deliverables/664d8ddc-1a09-4227-ae83-8b5a599c64b1/comments:0
[ 2162137ms] [ERROR] Failed to add comment: {error: Failed to add comment} @ http://localhost:3000/_next/static/chunks/43abd_next_dist_752abf95._.js:3127
[ 2187459ms] [ERROR] Failed to load resource: the server responded with a status of 500 (Internal Server Error) @ http://localhost:3000/api/deliverables/664d8ddc-1a09-4227-ae83-8b5a599c64b1/comments:0
[ 2187460ms] [ERROR] Failed to add comment: {error: Failed to add comment} @ http://localhost:3000/_next/static/chunks/43abd_next_dist_752abf95._.js:3127
[ 2188331ms] [ERROR] Failed to load resource: the server responded with a status of 500 (Internal Server Error) @ http://localhost:3000/api/deliverables/664d8ddc-1a09-4227-ae83-8b5a599c64b1/comments:0
[ 2188331ms] [ERROR] Failed to add comment: {error: Failed to add comment} @ http://localhost:3000/_next/static/chunks/43abd_next_dist_752abf95._.js:3127
[ 2192791ms] [ERROR] Failed to load resource: the server responded with a status of 500 (Internal Server Error) @ http://localhost:3000/api/deliverables/664d8ddc-1a09-4227-ae83-8b5a599c64b1/comments:0
[ 2192792ms] [ERROR] Failed to add comment: {error: Failed to add comment} @ http://localhost:3000/_next/static/chunks/43abd_next_dist_752abf95._.js:3127
[ 2193216ms] [ERROR] Failed to load resource: the server responded with a status of 500 (Internal Server Error) @ http://localhost:3000/api/deliverables/664d8ddc-1a09-4227-ae83-8b5a599c64b1/comments:0
[ 2193216ms] [ERROR] Failed to add comment: {error: Failed to add comment} @ http://localhost:3000/_next/static/chunks/43abd_next_dist_752abf95._.js:3127
[ 2201666ms] [ERROR] Failed to load resource: the server responded with a status of 500 (Internal Server Error) @ http://localhost:3000/api/deliverables/664d8ddc-1a09-4227-ae83-8b5a599c64b1/comments:0
[ 2201666ms] [ERROR] Failed to add comment: {error: Failed to add comment} @ http://localhost:3000/_next/static/chunks/43abd_next_dist_752abf95._.js:3127
[ 2204970ms] [ERROR] Failed to load resource: the server responded with a status of 500 (Internal Server Error) @ http://localhost:3000/api/deliverables/664d8ddc-1a09-4227-ae83-8b5a599c64b1/comments:0
[ 2204971ms] [ERROR] Failed to add comment: {error: Failed to add comment} @ http://localhost:3000/_next/static/chunks/43abd_next_dist_752abf95._.js:3127
[ 2207912ms] [ERROR] Failed to load resource: the server responded with a status of 500 (Internal Server Error) @ http://localhost:3000/api/deliverables/664d8ddc-1a09-4227-ae83-8b5a599c64b1/comments:0
[ 2207913ms] [ERROR] Failed to add comment: {error: Failed to add comment} @ http://localhost:3000/_next/static/chunks/43abd_next_dist_752abf95._.js:3127
[ 2218034ms] [ERROR] Failed to load resource: the server responded with a status of 500 (Internal Server Error) @ http://localhost:3000/api/deliverables/664d8ddc-1a09-4227-ae83-8b5a599c64b1/comments:0
[ 2218035ms] [ERROR] Failed to add comment: {error: Failed to add comment} @ http://localhost:3000/_next/static/chunks/43abd_next_dist_752abf95._.js:3127
[ 2225894ms] [ERROR] Failed to load resource: the server responded with a status of 500 (Internal Server Error) @ http://localhost:3000/api/deliverables/664d8ddc-1a09-4227-ae83-8b5a599c64b1/comments:0
[ 2225895ms] [ERROR] Failed to add comment: {error: Failed to add comment} @ http://localhost:3000/_next/static/chunks/43abd_next_dist_752abf95._.js:3127
[ 2229676ms] [ERROR] Failed to load resource: the server responded with a status of 500 (Internal Server Error) @ http://localhost:3000/api/deliverables/664d8ddc-1a09-4227-ae83-8b5a599c64b1/comments:0
[ 2229677ms] [ERROR] Failed to add comment: {error: Failed to add comment} @ http://localhost:3000/_next/static/chunks/43abd_next_dist_752abf95._.js:3127
[ 2232296ms] [ERROR] Failed to load resource: the server responded with a status of 500 (Internal Server Error) @ http://localhost:3000/api/deliverables/664d8ddc-1a09-4227-ae83-8b5a599c64b1/comments:0
[ 2232297ms] [ERROR] Failed to add comment: {error: Failed to add comment} @ http://localhost:3000/_next/static/chunks/43abd_next_dist_752abf95._.js:3127
[ 2258819ms] [ERROR] Failed to load resource: the server responded with a status of 500 (Internal Server Error) @ http://localhost:3000/api/deliverables/664d8ddc-1a09-4227-ae83-8b5a599c64b1/comments:0
[ 2258820ms] [ERROR] Failed to add comment: {error: Failed to add comment} @ http://localhost:3000/_next/static/chunks/43abd_next_dist_752abf95._.js:3127
[ 2263804ms] [ERROR] Failed to load resource: the server responded with a status of 500 (Internal Server Error) @ http://localhost:3000/api/deliverables/664d8ddc-1a09-4227-ae83-8b5a599c64b1/comments:0
[ 2263804ms] [ERROR] Failed to add comment: {error: Failed to add comment} @ http://localhost:3000/_next/static/chunks/43abd_next_dist_752abf95._.js:3127
[ 2267348ms] [ERROR] Failed to load resource: the server responded with a status of 500 (Internal Server Error) @ http://localhost:3000/api/deliverables/664d8ddc-1a09-4227-ae83-8b5a599c64b1/comments:0
[ 2267348ms] [ERROR] Failed to add comment: {error: Failed to add comment} @ http://localhost:3000/_next/static/chunks/43abd_next_dist_752abf95._.js:3127
[ 2270696ms] [ERROR] Failed to load resource: the server responded with a status of 500 (Internal Server Error) @ http://localhost:3000/api/deliverables/664d8ddc-1a09-4227-ae83-8b5a599c64b1/comments:0
[ 2270697ms] [ERROR] Failed to add comment: {error: Failed to add comment} @ http://localhost:3000/_next/static/chunks/43abd_next_dist_752abf95._.js:3127
[ 2291673ms] [ERROR] Failed to load resource: the server responded with a status of 500 (Internal Server Error) @ http://localhost:3000/api/deliverables/664d8ddc-1a09-4227-ae83-8b5a599c64b1/comments:0
[ 2291674ms] [ERROR] Failed to add comment: {error: Failed to add comment} @ http://localhost:3000/_next/static/chunks/43abd_next_dist_752abf95._.js:3127
[ 2292066ms] [ERROR] Failed to load resource: the server responded with a status of 500 (Internal Server Error) @ http://localhost:3000/api/deliverables/664d8ddc-1a09-4227-ae83-8b5a599c64b1/comments:0
[ 2292066ms] [ERROR] Failed to add comment: {error: Failed to add comment} @ http://localhost:3000/_next/static/chunks/43abd_next_dist_752abf95._.js:3127
[ 2296407ms] [ERROR] Failed to load resource: the server responded with a status of 500 (Internal Server Error) @ http://localhost:3000/api/deliverables/664d8ddc-1a09-4227-ae83-8b5a599c64b1/comments:0
[ 2296408ms] [ERROR] Failed to add comment: {error: Failed to add comment} @ http://localhost:3000/_next/static/chunks/43abd_next_dist_752abf95._.js:3127
[ 2300160ms] [ERROR] WebSocket connection to 'ws://localhost:3000/_next/webpack-hmr?id=hZSUCS5ZiTU0_u1aN3TDx' failed: Error in connection establishment: net::ERR_CONNECTION_REFUSED @ http://localhost:3000/_next/static/chunks/43abd_next_dist_client_a244959c._.js:10878
[ 2306317ms] [ERROR] Failed to load resource: the server responded with a status of 500 (Internal Server Error) @ http://localhost:3000/api/deliverables/664d8ddc-1a09-4227-ae83-8b5a599c64b1/comments:0
[ 2306318ms] [ERROR] Failed to add comment: {error: Failed to add comment} @ http://localhost:3000/_next/static/chunks/43abd_next_dist_752abf95._.js:3127
[ 2314627ms] [ERROR] Failed to load resource: the server responded with a status of 500 (Internal Server Error) @ http://localhost:3000/api/deliverables/664d8ddc-1a09-4227-ae83-8b5a599c64b1/comments:0
[ 2314628ms] [ERROR] Failed to add comment: {error: Failed to add comment} @ http://localhost:3000/_next/static/chunks/43abd_next_dist_752abf95._.js:3127
[ 2318930ms] [ERROR] Failed to load resource: the server responded with a status of 500 (Internal Server Error) @ http://localhost:3000/api/deliverables/664d8ddc-1a09-4227-ae83-8b5a599c64b1/comments:0
[ 2318931ms] [ERROR] Failed to add comment: {error: Failed to add comment} @ http://localhost:3000/_next/static/chunks/43abd_next_dist_752abf95._.js:3127
